[INFO] Scanning for projects...
[INFO] 
[INFO] ---------------< com.almoxarifado:almoxarifado-backend >----------------
[INFO] Building almoxarifado-backend 0.0.1-SNAPSHOT
[INFO]   from pom.xml
[INFO] --------------------------------[ jar ]---------------------------------
[INFO] 
[INFO] >>> spring-boot:3.5.6:run (default-cli) > test-compile @ almoxarifado-backend >>>
[INFO] 
[INFO] --- resources:3.3.1:resources (default-resources) @ almoxarifado-backend ---
[INFO] Copying 1 resource from src/main/resources to target/classes
[INFO] Copying 0 resource from src/main/resources to target/classes
[INFO] 
[INFO] --- compiler:3.14.0:compile (default-compile) @ almoxarifado-backend ---
[INFO] Recompiling the module because of changed source code.
[INFO] Compiling 50 source files with javac [debug parameters release 21] to target/classes
[INFO] Annotation processing is enabled because one or more processors were found
  on the class path. A future release of javac may disable annotation processing
  unless at least one processor is specified by name (-processor), or a search
  path is specified (--processor-path, --processor-module-path), or annotation
  processing is enabled explicitly (-proc:only, -proc:full).
  Use -Xlint:-options to suppress this message.
  Use -proc:none to disable annotation processing.
[INFO] 
[INFO] --- resources:3.3.1:testResources (default-testResources) @ almoxarifado-backend ---
[INFO] skip non existing resourceDirectory /workspaces/projeto-almoxarifado/warehouse-system-main/almoxarifado-backend/src/test/resources
[INFO] 
[INFO] --- compiler:3.14.0:testCompile (default-testCompile) @ almoxarifado-backend ---
[INFO] Recompiling the module because of changed dependency.
[INFO] Compiling 1 source file with javac [debug parameters release 21] to target/test-classes
[INFO] Annotation processing is enabled because one or more processors were found
  on the class path. A future release of javac may disable annotation processing
  unless at least one processor is specified by name (-processor), or a search
  path is specified (--processor-path, --processor-module-path), or annotation
  processing is enabled explicitly (-proc:only, -proc:full).
  Use -Xlint:-options to suppress this message.
  Use -proc:none to disable annotation processing.
[INFO] 
[INFO] <<< spring-boot:3.5.6:run (default-cli) < test-compile @ almoxarifado-backend <<<
[INFO] 
[INFO] 
[INFO] --- spring-boot:3.5.6:run (default-cli) @ almoxarifado-backend ---
[INFO] Attaching agents: []

  .   ____          _            __ _ _
 /\\ / ___'_ __ _ _(_)_ __  __ _ \ \ \ \
( ( )\___ | '_ | '_| | '_ \/ _` | \ \ \ \
 \\/  ___)| |_)| | | | | || (_| |  ) ) ) )
  '  |____| .__|_| |_|_| |_\__, | / / / /
 =========|_|==============|___/=/_/_/_/

 :: Spring Boot ::                (v3.5.6)

2025-11-27T12:58:37.550Z  INFO 67044 --- [almoxarifado-backend] [  restartedMain] c.a.a.AlmoxarifadoBackendApplication     : Starting AlmoxarifadoBackendApplication using Java 21.0.9 with PID 67044 (/workspaces/projeto-almoxarifado/warehouse-system-main/almoxarifado-backend/target/classes started by codespace in /workspaces/projeto-almoxarifado/warehouse-system-main/almoxarifado-backend)
2025-11-27T12:58:37.554Z  INFO 67044 --- [almoxarifado-backend] [  restartedMain] c.a.a.AlmoxarifadoBackendApplication     : No active profile set, falling back to 1 default profile: "default"
2025-11-27T12:58:37.700Z  INFO 67044 --- [almoxarifado-backend] [  restartedMain] o.s.b.devtools.restart.ChangeableUrls    : The Class-Path manifest attribute in /home/codespace/.m2/repository/xalan/xalan/2.7.2/xalan-2.7.2.jar referenced one or more files that do not exist: file:/home/codespace/.m2/repository/xalan/xalan/2.7.2/xercesImpl.jar,file:/home/codespace/.m2/repository/xalan/xalan/2.7.2/xml-apis.jar,file:/home/codespace/.m2/repository/xalan/xalan/2.7.2/serializer.jar
2025-11-27T12:58:37.702Z  INFO 67044 --- [almoxarifado-backend] [  restartedMain] o.s.b.devtools.restart.ChangeableUrls    : The Class-Path manifest attribute in /home/codespace/.m2/repository/xalan/serializer/2.7.2/serializer-2.7.2.jar referenced one or more files that do not exist: file:/home/codespace/.m2/repository/xalan/serializer/2.7.2/xml-apis.jar
2025-11-27T12:58:37.702Z  INFO 67044 --- [almoxarifado-backend] [  restartedMain] o.s.b.devtools.restart.ChangeableUrls    : The Class-Path manifest attribute in /home/codespace/.m2/repository/org/apache/xmlgraphics/batik-rasterizer-ext/1.13/batik-rasterizer-ext-1.13.jar referenced one or more files that do not exist: file:/home/codespace/.m2/repository/org/apache/xmlgraphics/batik-rasterizer-ext/1.13/batik-shared-resources-1.13.jar,file:/home/codespace/.m2/repository/org/apache/xmlgraphics/batik-rasterizer-ext/1.13/batik-svgrasterizer-1.13.jar,file:/home/codespace/.m2/repository/org/apache/xmlgraphics/batik-rasterizer-ext/1.13/batik-parser-1.13.jar,file:/home/codespace/.m2/repository/org/apache/xmlgraphics/batik-rasterizer-ext/1.13/batik-xml-1.13.jar,file:/home/codespace/.m2/repository/org/apache/xmlgraphics/batik-rasterizer-ext/1.13/batik-transcoder-1.13.jar,file:/home/codespace/.m2/repository/org/apache/xmlgraphics/batik-rasterizer-ext/1.13/batik-svggen-1.13.jar,file:/home/codespace/.m2/repository/org/apache/xmlgraphics/batik-rasterizer-ext/1.13/batik-util-1.13.jar,file:/home/codespace/.m2/repository/org/apache/xmlgraphics/batik-rasterizer-ext/1.13/batik-constants-1.13.jar,file:/home/codespace/.m2/repository/org/apache/xmlgraphics/batik-rasterizer-ext/1.13/batik-i18n-1.13.jar,file:/home/codespace/.m2/repository/org/apache/xmlgraphics/batik-rasterizer-ext/1.13/batik-codec-1.13.jar,file:/home/codespace/.m2/repository/org/apache/xmlgraphics/batik-rasterizer-ext/1.13/batik-extension-1.13.jar,file:/home/codespace/.m2/repository/org/apache/xmlgraphics/batik-rasterizer-ext/1.13/batik-anim-1.13.jar,file:/home/codespace/.m2/repository/org/apache/xmlgraphics/batik-rasterizer-ext/1.13/batik-awt-util-1.13.jar,file:/home/codespace/.m2/repository/org/apache/xmlgraphics/batik-rasterizer-ext/1.13/xmlgraphics-commons-2.4.jar,file:/home/codespace/.m2/repository/org/apache/xmlgraphics/batik-rasterizer-ext/1.13/commons-io-1.3.2.jar,file:/home/codespace/.m2/repository/org/apache/xmlgraphics/batik-rasterizer-ext/1.13/commons-logging-1.2.jar,file:/home/codespace/.m2/repository/org/apache/xmlgraphics/batik-rasterizer-ext/1.13/batik-bridge-1.13.jar,file:/home/codespace/.m2/repository/org/apache/xmlgraphics/batik-rasterizer-ext/1.13/batik-script-1.13.jar,file:/home/codespace/.m2/repository/org/apache/xmlgraphics/batik-rasterizer-ext/1.13/batik-css-1.13.jar,file:/home/codespace/.m2/repository/org/apache/xmlgraphics/batik-rasterizer-ext/1.13/batik-dom-1.13.jar,file:/home/codespace/.m2/repository/org/apache/xmlgraphics/batik-rasterizer-ext/1.13/xalan-2.7.2.jar,file:/home/codespace/.m2/repository/org/apache/xmlgraphics/batik-rasterizer-ext/1.13/serializer-2.7.2.jar,file:/home/codespace/.m2/repository/org/apache/xmlgraphics/batik-rasterizer-ext/1.13/xml-apis-1.4.01.jar,file:/home/codespace/.m2/repository/org/apache/xmlgraphics/batik-rasterizer-ext/1.13/batik-ext-1.13.jar,file:/home/codespace/.m2/repository/org/apache/xmlgraphics/batik-rasterizer-ext/1.13/batik-gvt-1.13.jar,file:/home/codespace/.m2/repository/org/apache/xmlgraphics/batik-rasterizer-ext/1.13/batik-svg-dom-1.13.jar,file:/home/codespace/.m2/repository/org/apache/xmlgraphics/batik-rasterizer-ext/1.13/xml-apis-ext-1.3.04.jar
2025-11-27T12:58:37.703Z  INFO 67044 --- [almoxarifado-backend] [  restartedMain] o.s.b.devtools.restart.ChangeableUrls    : The Class-Path manifest attribute in /home/codespace/.m2/repository/org/apache/xmlgraphics/batik-rasterizer/1.13/batik-rasterizer-1.13.jar referenced one or more files that do not exist: file:/home/codespace/.m2/repository/org/apache/xmlgraphics/batik-rasterizer/1.13/lib/batik-shared-resources-1.13.jar,file:/home/codespace/.m2/repository/org/apache/xmlgraphics/batik-rasterizer/1.13/lib/batik-svgrasterizer-1.13.jar,file:/home/codespace/.m2/repository/org/apache/xmlgraphics/batik-rasterizer/1.13/lib/batik-parser-1.13.jar,file:/home/codespace/.m2/repository/org/apache/xmlgraphics/batik-rasterizer/1.13/lib/batik-awt-util-1.13.jar,file:/home/codespace/.m2/repository/org/apache/xmlgraphics/batik-rasterizer/1.13/lib/xmlgraphics-commons-2.4.jar,file:/home/codespace/.m2/repository/org/apache/xmlgraphics/batik-rasterizer/1.13/lib/commons-io-1.3.2.jar,file:/home/codespace/.m2/repository/org/apache/xmlgraphics/batik-rasterizer/1.13/lib/commons-logging-1.2.jar,file:/home/codespace/.m2/repository/org/apache/xmlgraphics/batik-rasterizer/1.13/lib/batik-xml-1.13.jar,file:/home/codespace/.m2/repository/org/apache/xmlgraphics/batik-rasterizer/1.13/lib/xml-apis-ext-1.3.04.jar,file:/home/codespace/.m2/repository/org/apache/xmlgraphics/batik-rasterizer/1.13/lib/batik-transcoder-1.13.jar,file:/home/codespace/.m2/repository/org/apache/xmlgraphics/batik-rasterizer/1.13/lib/batik-anim-1.13.jar,file:/home/codespace/.m2/repository/org/apache/xmlgraphics/batik-rasterizer/1.13/lib/batik-css-1.13.jar,file:/home/codespace/.m2/repository/org/apache/xmlgraphics/batik-rasterizer/1.13/lib/batik-ext-1.13.jar,file:/home/codespace/.m2/repository/org/apache/xmlgraphics/batik-rasterizer/1.13/lib/batik-svg-dom-1.13.jar,file:/home/codespace/.m2/repository/org/apache/xmlgraphics/batik-rasterizer/1.13/lib/batik-bridge-1.13.jar,file:/home/codespace/.m2/repository/org/apache/xmlgraphics/batik-rasterizer/1.13/lib/batik-script-1.13.jar,file:/home/codespace/.m2/repository/org/apache/xmlgraphics/batik-rasterizer/1.13/lib/batik-dom-1.13.jar,file:/home/codespace/.m2/repository/org/apache/xmlgraphics/batik-rasterizer/1.13/lib/xalan-2.7.2.jar,file:/home/codespace/.m2/repository/org/apache/xmlgraphics/batik-rasterizer/1.13/lib/serializer-2.7.2.jar,file:/home/codespace/.m2/repository/org/apache/xmlgraphics/batik-rasterizer/1.13/lib/xml-apis-1.4.01.jar,file:/home/codespace/.m2/repository/org/apache/xmlgraphics/batik-rasterizer/1.13/lib/batik-gvt-1.13.jar,file:/home/codespace/.m2/repository/org/apache/xmlgraphics/batik-rasterizer/1.13/lib/batik-svggen-1.13.jar,file:/home/codespace/.m2/repository/org/apache/xmlgraphics/batik-rasterizer/1.13/lib/batik-util-1.13.jar,file:/home/codespace/.m2/repository/org/apache/xmlgraphics/batik-rasterizer/1.13/lib/batik-constants-1.13.jar,file:/home/codespace/.m2/repository/org/apache/xmlgraphics/batik-rasterizer/1.13/lib/batik-i18n-1.13.jar,file:/home/codespace/.m2/repository/org/apache/xmlgraphics/batik-rasterizer/1.13/lib/batik-codec-1.13.jar,file:/home/codespace/.m2/repository/org/apache/xmlgraphics/batik-rasterizer/1.13/lib/fop-transcoder-allinone-2.5.jar
2025-11-27T12:58:37.703Z  INFO 67044 --- [almoxarifado-backend] [  restartedMain] o.s.b.devtools.restart.ChangeableUrls    : The Class-Path manifest attribute in /home/codespace/.m2/repository/org/apache/xmlgraphics/batik-slideshow/1.13/batik-slideshow-1.13.jar referenced one or more files that do not exist: file:/home/codespace/.m2/repository/org/apache/xmlgraphics/batik-slideshow/1.13/lib/batik-bridge-1.13.jar,file:/home/codespace/.m2/repository/org/apache/xmlgraphics/batik-slideshow/1.13/lib/batik-anim-1.13.jar,file:/home/codespace/.m2/repository/org/apache/xmlgraphics/batik-slideshow/1.13/lib/batik-ext-1.13.jar,file:/home/codespace/.m2/repository/org/apache/xmlgraphics/batik-slideshow/1.13/lib/batik-awt-util-1.13.jar,file:/home/codespace/.m2/repository/org/apache/xmlgraphics/batik-slideshow/1.13/lib/batik-css-1.13.jar,file:/home/codespace/.m2/repository/org/apache/xmlgraphics/batik-slideshow/1.13/lib/batik-dom-1.13.jar,file:/home/codespace/.m2/repository/org/apache/xmlgraphics/batik-slideshow/1.13/lib/xalan-2.7.2.jar,file:/home/codespace/.m2/repository/org/apache/xmlgraphics/batik-slideshow/1.13/lib/serializer-2.7.2.jar,file:/home/codespace/.m2/repository/org/apache/xmlgraphics/batik-slideshow/1.13/lib/xml-apis-1.4.01.jar,file:/home/codespace/.m2/repository/org/apache/xmlgraphics/batik-slideshow/1.13/lib/batik-parser-1.13.jar,file:/home/codespace/.m2/repository/org/apache/xmlgraphics/batik-slideshow/1.13/lib/batik-script-1.13.jar,file:/home/codespace/.m2/repository/org/apache/xmlgraphics/batik-slideshow/1.13/lib/batik-svg-dom-1.13.jar,file:/home/codespace/.m2/repository/org/apache/xmlgraphics/batik-slideshow/1.13/lib/batik-util-1.13.jar,file:/home/codespace/.m2/repository/org/apache/xmlgraphics/batik-slideshow/1.13/lib/batik-constants-1.13.jar,file:/home/codespace/.m2/repository/org/apache/xmlgraphics/batik-slideshow/1.13/lib/batik-i18n-1.13.jar,file:/home/codespace/.m2/repository/org/apache/xmlgraphics/batik-slideshow/1.13/lib/batik-xml-1.13.jar,file:/home/codespace/.m2/repository/org/apache/xmlgraphics/batik-slideshow/1.13/lib/xmlgraphics-commons-2.4.jar,file:/home/codespace/.m2/repository/org/apache/xmlgraphics/batik-slideshow/1.13/lib/commons-io-1.3.2.jar,file:/home/codespace/.m2/repository/org/apache/xmlgraphics/batik-slideshow/1.13/lib/commons-logging-1.2.jar,file:/home/codespace/.m2/repository/org/apache/xmlgraphics/batik-slideshow/1.13/lib/batik-gvt-1.13.jar,file:/home/codespace/.m2/repository/org/apache/xmlgraphics/batik-slideshow/1.13/lib/batik-shared-resources-1.13.jar,file:/home/codespace/.m2/repository/org/apache/xmlgraphics/batik-slideshow/1.13/lib/xml-apis-ext-1.3.04.jar
2025-11-27T12:58:37.704Z  INFO 67044 --- [almoxarifado-backend] [  restartedMain] o.s.b.devtools.restart.ChangeableUrls    : The Class-Path manifest attribute in /home/codespace/.m2/repository/org/apache/xmlgraphics/batik-squiggle-ext/1.13/batik-squiggle-ext-1.13.jar referenced one or more files that do not exist: file:/home/codespace/.m2/repository/org/apache/xmlgraphics/batik-squiggle-ext/1.13/batik-shared-resources-1.13.jar,file:/home/codespace/.m2/repository/org/apache/xmlgraphics/batik-squiggle-ext/1.13/batik-svgbrowser-1.13.jar,file:/home/codespace/.m2/repository/org/apache/xmlgraphics/batik-squiggle-ext/1.13/batik-anim-1.13.jar,file:/home/codespace/.m2/repository/org/apache/xmlgraphics/batik-squiggle-ext/1.13/batik-bridge-1.13.jar,file:/home/codespace/.m2/repository/org/apache/xmlgraphics/batik-squiggle-ext/1.13/batik-script-1.13.jar,file:/home/codespace/.m2/repository/org/apache/xmlgraphics/batik-squiggle-ext/1.13/xmlgraphics-commons-2.4.jar,file:/home/codespace/.m2/repository/org/apache/xmlgraphics/batik-squiggle-ext/1.13/commons-io-1.3.2.jar,file:/home/codespace/.m2/repository/org/apache/xmlgraphics/batik-squiggle-ext/1.13/commons-logging-1.2.jar,file:/home/codespace/.m2/repository/org/apache/xmlgraphics/batik-squiggle-ext/1.13/batik-dom-1.13.jar,file:/home/codespace/.m2/repository/org/apache/xmlgraphics/batik-squiggle-ext/1.13/xalan-2.7.2.jar,file:/home/codespace/.m2/repository/org/apache/xmlgraphics/batik-squiggle-ext/1.13/serializer-2.7.2.jar,file:/home/codespace/.m2/repository/org/apache/xmlgraphics/batik-squiggle-ext/1.13/xml-apis-1.4.01.jar,file:/home/codespace/.m2/repository/org/apache/xmlgraphics/batik-squiggle-ext/1.13/batik-gvt-1.13.jar,file:/home/codespace/.m2/repository/org/apache/xmlgraphics/batik-squiggle-ext/1.13/batik-swing-1.13.jar,file:/home/codespace/.m2/repository/org/apache/xmlgraphics/batik-squiggle-ext/1.13/batik-gui-util-1.13.jar,file:/home/codespace/.m2/repository/org/apache/xmlgraphics/batik-squiggle-ext/1.13/batik-transcoder-1.13.jar,file:/home/codespace/.m2/repository/org/apache/xmlgraphics/batik-squiggle-ext/1.13/batik-svggen-1.13.jar,file:/home/codespace/.m2/repository/org/apache/xmlgraphics/batik-squiggle-ext/1.13/batik-util-1.13.jar,file:/home/codespace/.m2/repository/org/apache/xmlgraphics/batik-squiggle-ext/1.13/batik-constants-1.13.jar,file:/home/codespace/.m2/repository/org/apache/xmlgraphics/batik-squiggle-ext/1.13/batik-i18n-1.13.jar,file:/home/codespace/.m2/repository/org/apache/xmlgraphics/batik-squiggle-ext/1.13/batik-xml-1.13.jar,file:/home/codespace/.m2/repository/org/apache/xmlgraphics/batik-squiggle-ext/1.13/xml-apis-ext-1.3.04.jar,file:/home/codespace/.m2/repository/org/apache/xmlgraphics/batik-squiggle-ext/1.13/batik-extension-1.13.jar,file:/home/codespace/.m2/repository/org/apache/xmlgraphics/batik-squiggle-ext/1.13/batik-awt-util-1.13.jar,file:/home/codespace/.m2/repository/org/apache/xmlgraphics/batik-squiggle-ext/1.13/batik-css-1.13.jar,file:/home/codespace/.m2/repository/org/apache/xmlgraphics/batik-squiggle-ext/1.13/batik-ext-1.13.jar,file:/home/codespace/.m2/repository/org/apache/xmlgraphics/batik-squiggle-ext/1.13/batik-parser-1.13.jar,file:/home/codespace/.m2/repository/org/apache/xmlgraphics/batik-squiggle-ext/1.13/batik-svg-dom-1.13.jar
2025-11-27T12:58:37.704Z  INFO 67044 --- [almoxarifado-backend] [  restartedMain] o.s.b.devtools.restart.ChangeableUrls    : The Class-Path manifest attribute in /home/codespace/.m2/repository/org/apache/xmlgraphics/batik-squiggle/1.13/batik-squiggle-1.13.jar referenced one or more files that do not exist: file:/home/codespace/.m2/repository/org/apache/xmlgraphics/batik-squiggle/1.13/lib/batik-shared-resources-1.13.jar,file:/home/codespace/.m2/repository/org/apache/xmlgraphics/batik-squiggle/1.13/lib/batik-svgbrowser-1.13.jar,file:/home/codespace/.m2/repository/org/apache/xmlgraphics/batik-squiggle/1.13/lib/batik-anim-1.13.jar,file:/home/codespace/.m2/repository/org/apache/xmlgraphics/batik-squiggle/1.13/lib/batik-awt-util-1.13.jar,file:/home/codespace/.m2/repository/org/apache/xmlgraphics/batik-squiggle/1.13/lib/batik-css-1.13.jar,file:/home/codespace/.m2/repository/org/apache/xmlgraphics/batik-squiggle/1.13/lib/batik-ext-1.13.jar,file:/home/codespace/.m2/repository/org/apache/xmlgraphics/batik-squiggle/1.13/lib/batik-parser-1.13.jar,file:/home/codespace/.m2/repository/org/apache/xmlgraphics/batik-squiggle/1.13/lib/batik-svg-dom-1.13.jar,file:/home/codespace/.m2/repository/org/apache/xmlgraphics/batik-squiggle/1.13/lib/batik-bridge-1.13.jar,file:/home/codespace/.m2/repository/org/apache/xmlgraphics/batik-squiggle/1.13/lib/batik-script-1.13.jar,file:/home/codespace/.m2/repository/org/apache/xmlgraphics/batik-squiggle/1.13/lib/xmlgraphics-commons-2.4.jar,file:/home/codespace/.m2/repository/org/apache/xmlgraphics/batik-squiggle/1.13/lib/commons-io-1.3.2.jar,file:/home/codespace/.m2/repository/org/apache/xmlgraphics/batik-squiggle/1.13/lib/commons-logging-1.2.jar,file:/home/codespace/.m2/repository/org/apache/xmlgraphics/batik-squiggle/1.13/lib/batik-dom-1.13.jar,file:/home/codespace/.m2/repository/org/apache/xmlgraphics/batik-squiggle/1.13/lib/xalan-2.7.2.jar,file:/home/codespace/.m2/repository/org/apache/xmlgraphics/batik-squiggle/1.13/lib/serializer-2.7.2.jar,file:/home/codespace/.m2/repository/org/apache/xmlgraphics/batik-squiggle/1.13/lib/xml-apis-1.4.01.jar,file:/home/codespace/.m2/repository/org/apache/xmlgraphics/batik-squiggle/1.13/lib/batik-gvt-1.13.jar,file:/home/codespace/.m2/repository/org/apache/xmlgraphics/batik-squiggle/1.13/lib/batik-swing-1.13.jar,file:/home/codespace/.m2/repository/org/apache/xmlgraphics/batik-squiggle/1.13/lib/batik-gui-util-1.13.jar,file:/home/codespace/.m2/repository/org/apache/xmlgraphics/batik-squiggle/1.13/lib/batik-transcoder-1.13.jar,file:/home/codespace/.m2/repository/org/apache/xmlgraphics/batik-squiggle/1.13/lib/batik-svggen-1.13.jar,file:/home/codespace/.m2/repository/org/apache/xmlgraphics/batik-squiggle/1.13/lib/batik-util-1.13.jar,file:/home/codespace/.m2/repository/org/apache/xmlgraphics/batik-squiggle/1.13/lib/batik-constants-1.13.jar,file:/home/codespace/.m2/repository/org/apache/xmlgraphics/batik-squiggle/1.13/lib/batik-i18n-1.13.jar,file:/home/codespace/.m2/repository/org/apache/xmlgraphics/batik-squiggle/1.13/lib/batik-xml-1.13.jar,file:/home/codespace/.m2/repository/org/apache/xmlgraphics/batik-squiggle/1.13/lib/xml-apis-ext-1.3.04.jar
2025-11-27T12:58:37.705Z  INFO 67044 --- [almoxarifado-backend] [  restartedMain] o.s.b.devtools.restart.ChangeableUrls    : The Class-Path manifest attribute in /home/codespace/.m2/repository/org/apache/xmlgraphics/batik-svgpp/1.13/batik-svgpp-1.13.jar referenced one or more files that do not exist: file:/home/codespace/.m2/repository/org/apache/xmlgraphics/batik-svgpp/1.13/lib/batik-shared-resources-1.13.jar,file:/home/codespace/.m2/repository/org/apache/xmlgraphics/batik-svgpp/1.13/lib/batik-transcoder-1.13.jar,file:/home/codespace/.m2/repository/org/apache/xmlgraphics/batik-svgpp/1.13/lib/batik-anim-1.13.jar,file:/home/codespace/.m2/repository/org/apache/xmlgraphics/batik-svgpp/1.13/lib/batik-css-1.13.jar,file:/home/codespace/.m2/repository/org/apache/xmlgraphics/batik-svgpp/1.13/lib/batik-ext-1.13.jar,file:/home/codespace/.m2/repository/org/apache/xmlgraphics/batik-svgpp/1.13/lib/batik-parser-1.13.jar,file:/home/codespace/.m2/repository/org/apache/xmlgraphics/batik-svgpp/1.13/lib/batik-svg-dom-1.13.jar,file:/home/codespace/.m2/repository/org/apache/xmlgraphics/batik-svgpp/1.13/lib/batik-awt-util-1.13.jar,file:/home/codespace/.m2/repository/org/apache/xmlgraphics/batik-svgpp/1.13/lib/xmlgraphics-commons-2.4.jar,file:/home/codespace/.m2/repository/org/apache/xmlgraphics/batik-svgpp/1.13/lib/commons-io-1.3.2.jar,file:/home/codespace/.m2/repository/org/apache/xmlgraphics/batik-svgpp/1.13/lib/commons-logging-1.2.jar,file:/home/codespace/.m2/repository/org/apache/xmlgraphics/batik-svgpp/1.13/lib/batik-bridge-1.13.jar,file:/home/codespace/.m2/repository/org/apache/xmlgraphics/batik-svgpp/1.13/lib/batik-script-1.13.jar,file:/home/codespace/.m2/repository/org/apache/xmlgraphics/batik-svgpp/1.13/lib/batik-dom-1.13.jar,file:/home/codespace/.m2/repository/org/apache/xmlgraphics/batik-svgpp/1.13/lib/xalan-2.7.2.jar,file:/home/codespace/.m2/repository/org/apache/xmlgraphics/batik-svgpp/1.13/lib/serializer-2.7.2.jar,file:/home/codespace/.m2/repository/org/apache/xmlgraphics/batik-svgpp/1.13/lib/xml-apis-1.4.01.jar,file:/home/codespace/.m2/repository/org/apache/xmlgraphics/batik-svgpp/1.13/lib/batik-gvt-1.13.jar,file:/home/codespace/.m2/repository/org/apache/xmlgraphics/batik-svgpp/1.13/lib/batik-svggen-1.13.jar,file:/home/codespace/.m2/repository/org/apache/xmlgraphics/batik-svgpp/1.13/lib/batik-xml-1.13.jar,file:/home/codespace/.m2/repository/org/apache/xmlgraphics/batik-svgpp/1.13/lib/xml-apis-ext-1.3.04.jar,file:/home/codespace/.m2/repository/org/apache/xmlgraphics/batik-svgpp/1.13/lib/batik-util-1.13.jar,file:/home/codespace/.m2/repository/org/apache/xmlgraphics/batik-svgpp/1.13/lib/batik-constants-1.13.jar,file:/home/codespace/.m2/repository/org/apache/xmlgraphics/batik-svgpp/1.13/lib/batik-i18n-1.13.jar
2025-11-27T12:58:37.705Z  INFO 67044 --- [almoxarifado-backend] [  restartedMain] o.s.b.devtools.restart.ChangeableUrls    : The Class-Path manifest attribute in /home/codespace/.m2/repository/org/apache/xmlgraphics/batik-ttf2svg/1.13/batik-ttf2svg-1.13.jar referenced one or more files that do not exist: file:/home/codespace/.m2/repository/org/apache/xmlgraphics/batik-ttf2svg/1.13/lib/batik-shared-resources-1.13.jar,file:/home/codespace/.m2/repository/org/apache/xmlgraphics/batik-ttf2svg/1.13/lib/batik-svggen-1.13.jar,file:/home/codespace/.m2/repository/org/apache/xmlgraphics/batik-ttf2svg/1.13/lib/batik-awt-util-1.13.jar,file:/home/codespace/.m2/repository/org/apache/xmlgraphics/batik-ttf2svg/1.13/lib/xmlgraphics-commons-2.4.jar,file:/home/codespace/.m2/repository/org/apache/xmlgraphics/batik-ttf2svg/1.13/lib/commons-io-1.3.2.jar,file:/home/codespace/.m2/repository/org/apache/xmlgraphics/batik-ttf2svg/1.13/lib/commons-logging-1.2.jar,file:/home/codespace/.m2/repository/org/apache/xmlgraphics/batik-ttf2svg/1.13/lib/batik-util-1.13.jar,file:/home/codespace/.m2/repository/org/apache/xmlgraphics/batik-ttf2svg/1.13/lib/batik-constants-1.13.jar,file:/home/codespace/.m2/repository/org/apache/xmlgraphics/batik-ttf2svg/1.13/lib/batik-i18n-1.13.jar
2025-11-27T12:58:37.705Z  INFO 67044 --- [almoxarifado-backend] [  restartedMain] .e.DevToolsPropertyDefaultsPostProcessor : Devtools property defaults active! Set 'spring.devtools.add-properties' to 'false' to disable
2025-11-27T12:58:37.705Z  INFO 67044 --- [almoxarifado-backend] [  restartedMain] .e.DevToolsPropertyDefaultsPostProcessor : For additional web related logging consider setting the 'logging.level.web' property to 'DEBUG'
2025-11-27T12:58:38.881Z  INFO 67044 --- [almoxarifado-backend] [  restartedMain] .s.d.r.c.RepositoryConfigurationDelegate : Multiple Spring Data modules found, entering strict repository configuration mode
2025-11-27T12:58:38.883Z  INFO 67044 --- [almoxarifado-backend] [  restartedMain] .s.d.r.c.RepositoryConfigurationDelegate : Bootstrapping Spring Data JPA repositories in DEFAULT mode.
2025-11-27T12:58:39.021Z  INFO 67044 --- [almoxarifado-backend] [  restartedMain] .s.d.r.c.RepositoryConfigurationDelegate : Finished Spring Data repository scanning in 129 ms. Found 8 JPA repository interfaces.
2025-11-27T12:58:39.050Z  INFO 67044 --- [almoxarifado-backend] [  restartedMain] .s.d.r.c.RepositoryConfigurationDelegate : Multiple Spring Data modules found, entering strict repository configuration mode
2025-11-27T12:58:39.054Z  INFO 67044 --- [almoxarifado-backend] [  restartedMain] .s.d.r.c.RepositoryConfigurationDelegate : Bootstrapping Spring Data Redis repositories in DEFAULT mode.
2025-11-27T12:58:39.076Z  INFO 67044 --- [almoxarifado-backend] [  restartedMain] .RepositoryConfigurationExtensionSupport : Spring Data Redis - Could not safely identify store assignment for repository candidate interface com.almoxarifado.almoxarifado_backend.repository.EmprestimoRepository; If you want this repository to be a Redis repository, consider annotating your entities with one of these annotations: org.springframework.data.redis.core.RedisHash (preferred), or consider extending one of the following types with your repository: org.springframework.data.keyvalue.repository.KeyValueRepository
2025-11-27T12:58:39.077Z  INFO 67044 --- [almoxarifado-backend] [  restartedMain] .RepositoryConfigurationExtensionSupport : Spring Data Redis - Could not safely identify store assignment for repository candidate interface com.almoxarifado.almoxarifado_backend.repository.EntradaRepository; If you want this repository to be a Redis repository, consider annotating your entities with one of these annotations: org.springframework.data.redis.core.RedisHash (preferred), or consider extending one of the following types with your repository: org.springframework.data.keyvalue.repository.KeyValueRepository
2025-11-27T12:58:39.077Z  INFO 67044 --- [almoxarifado-backend] [  restartedMain] .RepositoryConfigurationExtensionSupport : Spring Data Redis - Could not safely identify store assignment for repository candidate interface com.almoxarifado.almoxarifado_backend.repository.LogOperacaoRepository; If you want this repository to be a Redis repository, consider annotating your entities with one of these annotations: org.springframework.data.redis.core.RedisHash (preferred), or consider extending one of the following types with your repository: org.springframework.data.keyvalue.repository.KeyValueRepository
2025-11-27T12:58:39.078Z  INFO 67044 --- [almoxarifado-backend] [  restartedMain] .RepositoryConfigurationExtensionSupport : Spring Data Redis - Could not safely identify store assignment for repository candidate interface com.almoxarifado.almoxarifado_backend.repository.MovimentacaoContadorRepository; If you want this repository to be a Redis repository, consider annotating your entities with one of these annotations: org.springframework.data.redis.core.RedisHash (preferred), or consider extending one of the following types with your repository: org.springframework.data.keyvalue.repository.KeyValueRepository
2025-11-27T12:58:39.078Z  INFO 67044 --- [almoxarifado-backend] [  restartedMain] .RepositoryConfigurationExtensionSupport : Spring Data Redis - Could not safely identify store assignment for repository candidate interface com.almoxarifado.almoxarifado_backend.repository.ProdutoCacheRepository; If you want this repository to be a Redis repository, consider annotating your entities with one of these annotations: org.springframework.data.redis.core.RedisHash (preferred), or consider extending one of the following types with your repository: org.springframework.data.keyvalue.repository.KeyValueRepository
2025-11-27T12:58:39.078Z  INFO 67044 --- [almoxarifado-backend] [  restartedMain] .RepositoryConfigurationExtensionSupport : Spring Data Redis - Could not safely identify store assignment for repository candidate interface com.almoxarifado.almoxarifado_backend.repository.ProdutoRepository; If you want this repository to be a Redis repository, consider annotating your entities with one of these annotations: org.springframework.data.redis.core.RedisHash (preferred), or consider extending one of the following types with your repository: org.springframework.data.keyvalue.repository.KeyValueRepository
2025-11-27T12:58:39.079Z  INFO 67044 --- [almoxarifado-backend] [  restartedMain] .RepositoryConfigurationExtensionSupport : Spring Data Redis - Could not safely identify store assignment for repository candidate interface com.almoxarifado.almoxarifado_backend.repository.RetiradaRepository; If you want this repository to be a Redis repository, consider annotating your entities with one of these annotations: org.springframework.data.redis.core.RedisHash (preferred), or consider extending one of the following types with your repository: org.springframework.data.keyvalue.repository.KeyValueRepository
2025-11-27T12:58:39.079Z  INFO 67044 --- [almoxarifado-backend] [  restartedMain] .RepositoryConfigurationExtensionSupport : Spring Data Redis - Could not safely identify store assignment for repository candidate interface com.almoxarifado.almoxarifado_backend.repository.UsuarioRepository; If you want this repository to be a Redis repository, consider annotating your entities with one of these annotations: org.springframework.data.redis.core.RedisHash (preferred), or consider extending one of the following types with your repository: org.springframework.data.keyvalue.repository.KeyValueRepository
2025-11-27T12:58:39.079Z  INFO 67044 --- [almoxarifado-backend] [  restartedMain] .s.d.r.c.RepositoryConfigurationDelegate : Finished Spring Data repository scanning in 9 ms. Found 0 Redis repository interfaces.
2025-11-27T12:58:39.994Z  INFO 67044 --- [almoxarifado-backend] [  restartedMain] o.s.b.w.embedded.tomcat.TomcatWebServer  : Tomcat initialized with port 8080 (http)
2025-11-27T12:58:40.007Z  INFO 67044 --- [almoxarifado-backend] [  restartedMain] o.apache.catalina.core.StandardService   : Starting service [Tomcat]
2025-11-27T12:58:40.008Z  INFO 67044 --- [almoxarifado-backend] [  restartedMain] o.apache.catalina.core.StandardEngine    : Starting Servlet engine: [Apache Tomcat/10.1.46]
2025-11-27T12:58:40.045Z  INFO 67044 --- [almoxarifado-backend] [  restartedMain] o.a.c.c.C.[Tomcat].[localhost].[/]       : Initializing Spring embedded WebApplicationContext
2025-11-27T12:58:40.046Z  INFO 67044 --- [almoxarifado-backend] [  restartedMain] w.s.c.ServletWebServerApplicationContext : Root WebApplicationContext: initialization completed in 2339 ms
2025-11-27T12:58:40.200Z  INFO 67044 --- [almoxarifado-backend] [  restartedMain] o.hibernate.jpa.internal.util.LogHelper  : HHH000204: Processing PersistenceUnitInfo [name: default]
2025-11-27T12:58:40.287Z  INFO 67044 --- [almoxarifado-backend] [  restartedMain] org.hibernate.Version                    : HHH000412: Hibernate ORM core version 6.6.29.Final
2025-11-27T12:58:40.329Z  INFO 67044 --- [almoxarifado-backend] [  restartedMain] o.h.c.internal.RegionFactoryInitiator    : HHH000026: Second-level cache disabled
2025-11-27T12:58:40.648Z  INFO 67044 --- [almoxarifado-backend] [  restartedMain] o.s.o.j.p.SpringPersistenceUnitInfo      : No LoadTimeWeaver setup: ignoring JPA class transformer
2025-11-27T12:58:40.671Z  INFO 67044 --- [almoxarifado-backend] [  restartedMain] com.zaxxer.hikari.HikariDataSource       : HikariPool-1 - Starting...
2025-11-27T12:58:40.817Z  INFO 67044 --- [almoxarifado-backend] [  restartedMain] com.zaxxer.hikari.pool.HikariPool        : HikariPool-1 - Added connection org.postgresql.jdbc.PgConnection@35b32c70
2025-11-27T12:58:40.818Z  INFO 67044 --- [almoxarifado-backend] [  restartedMain] com.zaxxer.hikari.HikariDataSource       : HikariPool-1 - Start completed.
2025-11-27T12:58:40.856Z  WARN 67044 --- [almoxarifado-backend] [  restartedMain] org.hibernate.orm.deprecation            : HHH90000025: PostgreSQLDialect does not need to be specified explicitly using 'hibernate.dialect' (remove the property setting and it will be selected by default)
2025-11-27T12:58:40.875Z  INFO 67044 --- [almoxarifado-backend] [  restartedMain] org.hibernate.orm.connections.pooling    : HHH10001005: Database info:
	Database JDBC URL [Connecting through datasource 'HikariDataSource (HikariPool-1)']
	Database driver: undefined/unknown
	Database version: 15.15
	Autocommit mode: undefined/unknown
	Isolation level: undefined/unknown
	Minimum pool size: undefined/unknown
	Maximum pool size: undefined/unknown
2025-11-27T12:58:41.956Z  INFO 67044 --- [almoxarifado-backend] [  restartedMain] o.h.e.t.j.p.i.JtaPlatformInitiator       : HHH000489: No JTA platform available (set 'hibernate.transaction.jta.platform' to enable JTA platform integration)
2025-11-27T12:58:42.348Z  INFO 67044 --- [almoxarifado-backend] [  restartedMain] j.LocalContainerEntityManagerFactoryBean : Initialized JPA EntityManagerFactory for persistence unit 'default'
2025-11-27T12:58:42.717Z  INFO 67044 --- [almoxarifado-backend] [  restartedMain] eAuthenticationProviderManagerConfigurer : Global AuthenticationManager configured with AuthenticationProvider bean with name authenticationProvider
2025-11-27T12:58:42.718Z  WARN 67044 --- [almoxarifado-backend] [  restartedMain] r$InitializeUserDetailsManagerConfigurer : Global AuthenticationManager configured with an AuthenticationProvider bean. UserDetailsService beans will not be used by Spring Security for automatically configuring username/password login. Consider removing the AuthenticationProvider bean. Alternatively, consider using the UserDetailsService in a manually instantiated DaoAuthenticationProvider. If the current configuration is intentional, to turn off this warning, increase the logging level of 'org.springframework.security.config.annotation.authentication.configuration.InitializeUserDetailsBeanManagerConfigurer' to ERROR
2025-11-27T12:58:42.786Z  INFO 67044 --- [almoxarifado-backend] [  restartedMain] o.s.d.j.r.query.QueryEnhancerFactory     : Hibernate is in classpath; If applicable, HQL parser will be used.
2025-11-27T12:58:43.557Z  WARN 67044 --- [almoxarifado-backend] [  restartedMain] JpaBaseConfiguration$JpaWebConfiguration : spring.jpa.open-in-view is enabled by default. Therefore, database queries may be performed during view rendering. Explicitly configure spring.jpa.open-in-view to disable this warning
2025-11-27T12:58:44.487Z  INFO 67044 --- [almoxarifado-backend] [  restartedMain] o.s.b.a.h2.H2ConsoleAutoConfiguration    : H2 console available at '/h2-console'. Database available at 'jdbc:postgresql://localhost:5432/almoxarifado'
2025-11-27T12:58:44.613Z  INFO 67044 --- [almoxarifado-backend] [  restartedMain] o.s.b.d.a.OptionalLiveReloadServer       : LiveReload server is running on port 35729
2025-11-27T12:58:44.639Z  WARN 67044 --- [almoxarifado-backend] [  restartedMain] ConfigServletWebServerApplicationContext : Exception encountered during context initialization - cancelling refresh attempt: org.springframework.context.ApplicationContextException: Failed to start bean 'webServerStartStop'
2025-11-27T12:58:44.647Z  INFO 67044 --- [almoxarifado-backend] [  restartedMain] j.LocalContainerEntityManagerFactoryBean : Closing JPA EntityManagerFactory for persistence unit 'default'
2025-11-27T12:58:44.650Z  INFO 67044 --- [almoxarifado-backend] [  restartedMain] com.zaxxer.hikari.HikariDataSource       : HikariPool-1 - Shutdown initiated...
2025-11-27T12:58:44.655Z  INFO 67044 --- [almoxarifado-backend] [  restartedMain] com.zaxxer.hikari.HikariDataSource       : HikariPool-1 - Shutdown completed.
2025-11-27T12:58:44.676Z  INFO 67044 --- [almoxarifado-backend] [  restartedMain] .s.b.a.l.ConditionEvaluationReportLogger : 

Error starting ApplicationContext. To display the condition evaluation report re-run your application with 'debug' enabled.
2025-11-27T12:58:44.691Z ERROR 67044 --- [almoxarifado-backend] [  restartedMain] o.s.b.d.LoggingFailureAnalysisReporter   : 

***************************
APPLICATION FAILED TO START
***************************

Description:

Web server failed to start. Port 8080 was already in use.

Action:

Identify and stop the process that's listening on port 8080 or configure this application to listen on another port.

[INFO] ------------------------------------------------------------------------
[INFO] BUILD FAILURE
[INFO] ------------------------------------------------------------------------
[INFO] Total time:  21.962 s
[INFO] Finished at: 2025-11-27T12:58:45Z
[INFO] ------------------------------------------------------------------------
[ERROR] Failed to execute goal org.springframework.boot:spring-boot-maven-plugin:3.5.6:run (default-cli) on project almoxarifado-backend: Process terminated with exit code: 1 -> [Help 1]
[ERROR] 
[ERROR] To see the full stack trace of the errors, re-run Maven with the -e switch.
[ERROR] Re-run Maven using the -X switch to enable full debug logging.
[ERROR] 
[ERROR] For more information about the errors and possible solutions, please read the following articles:
[ERROR] [Help 1] http://cwiki.apache.org/confluence/display/MAVEN/MojoExecutionException
